3dnr=false
Infinity=Infinity
antibanding=auto
antibanding-values=auto,50hz,60hz,off
auto-exposure-lock=false
auto-exposure-lock-supported=true
auto-whitebalance-lock=false
auto-whitebalance-lock-supported=true
autoFacebeautyLevel=-1
best-capture=0
brightness=0
brightness-max=2
brightness-min=-2
burst-capture=0
constant-growth-rate-zoom-supported=true
contrast=auto
drc=false
dual_mode=-1
dualrecording-hint=-1
effect=none
effect-values=none,mz_lively,mz_moonlight,mz_black_and_white,mz_blue,mz_pink,mz_film,mz_natural,mz_dawn,mz_sakura,mz_dreamy,mz_bright
exposure-compensation=0
exposure-compensation-step=0.1
exposure-compensation-step-taf=0.2
exposure-compensation-taf=0
eyeEnlargement-Strength=0
faceEffect-Mode=-1
fast-fps-mode=0
flash-mode=off
flash-mode-values=off,auto,on,torch
fnumber-value-denominator=10
fnumber-value-numerator=22
focal-length=4.73
focallength-35mm-value=31
focallength-value-denominator=100
focallength-value-numerator=473
focus-areas=(-125,-167,125,167,1)
focus-distances=0.10,1.20,Infinity
focus-mode=auto
focus-mode-values=auto,infinity,macro,continuous-video,continuous-picture
front-mirror=0
hdr-mode=0
horizontal-view-angle=48.8
hue=0
hue-max=2
hue-min=-2
imageuniqueid-value=0
intelligent-mode=-1
iso-speed=auto
iso-speed-values=auto,50,100,200,400,800,1600
jpeg-quality=100
jpeg-thumbnail-height=384
jpeg-thumbnail-quality=100
jpeg-thumbnail-size-values=512x384,512x288,384x384,0x0
jpeg-thumbnail-width=512
makeup-Style=-1
max-exposure-compensation=4
max-num-detected-faces-hw=16
max-num-detected-faces-sw=0
max-num-focus-areas=1
max-num-metering-areas=1
max-zoom=30
maxaperture-value-denominator=100
maxaperture-value-numerator=227
metering=center
metering-areas=(0,0,0,0,0)
metering-spot-isolate=0
mf-pos=468
min-exposure-compensation=-4
odc=false
picture-format=jpeg
picture-format-values=jpeg
picture-size=4160x3120
picture-size-values=5312x3984,5312x2988,4160x3120,2656x1992,1920x1080
preferred-preview-size-for-video=1920x1440
preview-format=yuv420sp
preview-format-values=yuv420sp,yuv420p
preview-fps-range=14000,30000
preview-fps-range-values=(14000,24000),(24000,24000),(14000,30000),(30000,30000)
preview-frame-rate=30
preview-frame-rate-values=14,15,16,17,18,19,20,21,22,23,24,25,26,27,28,29,30
preview-size=1440x1080
preview-size-values=1920x1440,1920x1080,1440x1080,1280x720,800x600,720x480,640x480,320x240,176x144
rotation=0
saturation=0
saturation-max=2
saturation-min=-2
scene-mode=auto
scene-mode-values=auto
sharpness=0
sharpness-max=2
sharpness-min=-2
shutter-value=0
shutter-value-supported=0,125,250,500,1000,2000,5000,10000,20000,50000,100000,200000,300000,400000,500000,600000,800000,1000000,2000000,3000000,5000000,10000000,15000000,20000000,30000000,60000000,120000000,240000000,420000000
slimming-Strength=0
smooth-zoom-supported=false
smoothing-Strength=0
super-capture-duration=-1
toning-Strength=0
vertical-view-angle=39.4
video-frame-format=yuv420sp
video-size=1920x1080
video-size-values=3840x2160,1920x1080,1280x720,720x480,640x480,320x240,176x144
video-snapshot-supported=true
video-stabilization-supported=true
whitebalance=auto
whitebalance-values=auto,incandescent,fluorescent,daylight,cloudy-daylight
zoom=0
zoom-ratios=100,104,109,114,120,125,131,138,144,151,158,166,174,182,190,200,209,219,229,240,251,263,276,289,303,317,332,348,364,381,400
zoom-supported=true
